{
  "stats": {
    "suites": 1,
    "tests": 1,
    "passes": 1,
    "pending": 0,
    "failures": 0,
    "start": "2023-11-13T17:13:33.936Z",
    "end": "2023-11-13T17:13:38.455Z",
    "duration": 4519,
    "testsRegistered": 1,
    "passPercent": 100,
    "pendingPercent": 0,
    "other": 0,
    "hasOther": false,
    "skipped": 0,
    "hasSkipped": false
  },
  "results": [
    {
      "uuid": "1eed92f8-da39-421a-a25f-4a20c70ebbb8",
      "title": "",
      "fullFile": "cypress\\e2e\\login_page.cy.js",
      "file": "cypress\\e2e\\login_page.cy.js",
      "beforeHooks": [],
      "afterHooks": [],
      "tests": [],
      "suites": [
        {
          "uuid": "f25af6c4-94e0-4e5e-a028-506b34051ff0",
          "title": "Teste de Acesso à Página de Login na Wikipedia",
          "fullFile": "",
          "file": "",
          "beforeHooks": [],
          "afterHooks": [],
          "tests": [
            {
              "title": "deve acessar a página de login e verificar a presença dos campos",
              "fullTitle": "Teste de Acesso à Página de Login na Wikipedia deve acessar a página de login e verificar a presença dos campos",
              "timedOut": null,
              "duration": 2954,
              "state": "passed",
              "speed": "fast",
              "pass": true,
              "fail": false,
              "pending": false,
              "context": null,
              "code": "cy.visit('https://en.wikipedia.org/wiki/Main_Page');\ncy.get('#pt-login-2 > a > span').click();\ncy.url().should('include', 'title=Special:UserLogin');\ncy.get('#wpName1').should('be.visible'); // Verifica se o campo de usuário está visível\ncy.get('#wpPassword1').should('be.visible'); // Verifica se o campo de senha está visível",
              "err": {},
              "uuid": "540babf0-b6d4-47d8-944d-db6fcb00a4aa",
              "parentUUID": "f25af6c4-94e0-4e5e-a028-506b34051ff0",
              "isHook": false,
              "skipped": false
            }
          ],
          "suites": [],
          "passes": [
            "540babf0-b6d4-47d8-944d-db6fcb00a4aa"
          ],
          "failures": [],
          "pending": [],
          "skipped": [],
          "duration": 2954,
          "root": false,
          "rootEmpty": false,
          "_timeout": 2000
        }
      ],
      "passes": [],
      "failures": [],
      "pending": [],
      "skipped": [],
      "duration": 0,
      "root": true,
      "rootEmpty": true,
      "_timeout": 2000
    }
  ],
  "meta": {
    "mocha": {
      "version": "7.0.1"
    },
    "mochawesome": {
      "options": {
        "quiet": false,
        "reportFilename": "mochawesome",
        "saveHtml": true,
        "saveJson": true,
        "consoleReporter": "spec",
        "useInlineDiffs": false,
        "code": true
      },
      "version": "7.1.3"
    },
    "marge": {
      "options": {
        "reportDir": "cypress/reports",
        "overwrite": false,
        "html": true,
        "json": true
      },
      "version": "6.2.0"
    }
  }
}