{
  "stats": {
    "suites": 1,
    "tests": 1,
    "passes": 1,
    "pending": 0,
    "failures": 0,
    "start": "2023-11-13T17:13:45.653Z",
    "end": "2023-11-13T17:13:51.147Z",
    "duration": 5494,
    "testsRegistered": 1,
    "passPercent": 100,
    "pendingPercent": 0,
    "other": 0,
    "hasOther": false,
    "skipped": 0,
    "hasSkipped": false
  },
  "results": [
    {
      "uuid": "86df8be1-8455-4bc8-90a9-3cc53b94d319",
      "title": "",
      "fullFile": "cypress\\e2e\\reference_navigation.cy.js",
      "file": "cypress\\e2e\\reference_navigation.cy.js",
      "beforeHooks": [],
      "afterHooks": [],
      "tests": [],
      "suites": [
        {
          "uuid": "08bfcada-aa2a-4cff-a892-b652633778e6",
          "title": "Teste de Navegação para Referências na Wikipedia",
          "fullFile": "",
          "file": "",
          "beforeHooks": [],
          "afterHooks": [],
          "tests": [
            {
              "title": "deve navegar até a seção de referências do artigo",
              "fullTitle": "Teste de Navegação para Referências na Wikipedia deve navegar até a seção de referências do artigo",
              "timedOut": null,
              "duration": 3220,
              "state": "passed",
              "speed": "fast",
              "pass": true,
              "fail": false,
              "pending": false,
              "context": null,
              "code": "cy.visit('https://en.wikipedia.org/wiki/Albert_Einstein');\ncy.contains('References').click();\ncy.url().should('include', '#References');",
              "err": {},
              "uuid": "3c3dea7e-e20c-45dd-acb2-8423ccb50f8a",
              "parentUUID": "08bfcada-aa2a-4cff-a892-b652633778e6",
              "isHook": false,
              "skipped": false
            }
          ],
          "suites": [],
          "passes": [
            "3c3dea7e-e20c-45dd-acb2-8423ccb50f8a"
          ],
          "failures": [],
          "pending": [],
          "skipped": [],
          "duration": 3220,
          "root": false,
          "rootEmpty": false,
          "_timeout": 2000
        }
      ],
      "passes": [],
      "failures": [],
      "pending": [],
      "skipped": [],
      "duration": 0,
      "root": true,
      "rootEmpty": true,
      "_timeout": 2000
    }
  ],
  "meta": {
    "mocha": {
      "version": "7.0.1"
    },
    "mochawesome": {
      "options": {
        "quiet": false,
        "reportFilename": "mochawesome",
        "saveHtml": true,
        "saveJson": true,
        "consoleReporter": "spec",
        "useInlineDiffs": false,
        "code": true
      },
      "version": "7.1.3"
    },
    "marge": {
      "options": {
        "reportDir": "cypress/reports",
        "overwrite": false,
        "html": true,
        "json": true
      },
      "version": "6.2.0"
    }
  }
}