{
  "stats": {
    "suites": 1,
    "tests": 1,
    "passes": 1,
    "pending": 0,
    "failures": 0,
    "start": "2023-11-13T17:13:24.316Z",
    "end": "2023-11-13T17:13:32.511Z",
    "duration": 8195,
    "testsRegistered": 1,
    "passPercent": 100,
    "pendingPercent": 0,
    "other": 0,
    "hasOther": false,
    "skipped": 0,
    "hasSkipped": false
  },
  "results": [
    {
      "uuid": "6db35af5-ac96-4265-a612-b13bae6e5247",
      "title": "",
      "fullFile": "cypress\\e2e\\change_language.cy.js",
      "file": "cypress\\e2e\\change_language.cy.js",
      "beforeHooks": [],
      "afterHooks": [],
      "tests": [],
      "suites": [
        {
          "uuid": "36205c99-c2ac-4946-bbe1-1e02872b42a2",
          "title": "Teste de Mudança de Idioma na Wikipedia",
          "fullFile": "",
          "file": "",
          "beforeHooks": [],
          "afterHooks": [],
          "tests": [
            {
              "title": "deve mudar o idioma do artigo para espanhol",
              "fullTitle": "Teste de Mudança de Idioma na Wikipedia deve mudar o idioma do artigo para espanhol",
              "timedOut": null,
              "duration": 6348,
              "state": "passed",
              "speed": "medium",
              "pass": true,
              "fail": false,
              "pending": false,
              "context": null,
              "code": "cy.visit('https://en.wikipedia.org/wiki/Albert_Einstein');\ncy.get('#p-lang-btn-checkbox').click(); // Abrir o menu de idiomas\ncy.get('.uls-lcd-quicklist > .row > .three > .interwiki-es > .autonym').click(); // Selecionar Espanhol\ncy.url().should('include', 'es.wikipedia');\ncy.get('#firstHeading').should('contain', 'Albert Einstein'); // Confirma se o título ainda é o mesmo",
              "err": {},
              "uuid": "cbd94e4a-9612-4c02-a1cd-593b469b8a51",
              "parentUUID": "36205c99-c2ac-4946-bbe1-1e02872b42a2",
              "isHook": false,
              "skipped": false
            }
          ],
          "suites": [],
          "passes": [
            "cbd94e4a-9612-4c02-a1cd-593b469b8a51"
          ],
          "failures": [],
          "pending": [],
          "skipped": [],
          "duration": 6348,
          "root": false,
          "rootEmpty": false,
          "_timeout": 2000
        }
      ],
      "passes": [],
      "failures": [],
      "pending": [],
      "skipped": [],
      "duration": 0,
      "root": true,
      "rootEmpty": true,
      "_timeout": 2000
    }
  ],
  "meta": {
    "mocha": {
      "version": "7.0.1"
    },
    "mochawesome": {
      "options": {
        "quiet": false,
        "reportFilename": "mochawesome",
        "saveHtml": true,
        "saveJson": true,
        "consoleReporter": "spec",
        "useInlineDiffs": false,
        "code": true
      },
      "version": "7.1.3"
    },
    "marge": {
      "options": {
        "reportDir": "cypress/reports",
        "overwrite": false,
        "html": true,
        "json": true
      },
      "version": "6.2.0"
    }
  }
}