{
  "stats": {
    "suites": 1,
    "tests": 1,
    "passes": 1,
    "pending": 0,
    "failures": 0,
    "start": "2023-11-13T17:13:05.949Z",
    "end": "2023-11-13T17:13:14.067Z",
    "duration": 8118,
    "testsRegistered": 1,
    "passPercent": 100,
    "pendingPercent": 0,
    "other": 0,
    "hasOther": false,
    "skipped": 0,
    "hasSkipped": false
  },
  "results": [
    {
      "uuid": "e6e2680a-b6e6-45a7-acf4-a20db1265f7d",
      "title": "",
      "fullFile": "cypress\\e2e\\article_history.cy.js",
      "file": "cypress\\e2e\\article_history.cy.js",
      "beforeHooks": [],
      "afterHooks": [],
      "tests": [],
      "suites": [
        {
          "uuid": "5f36cc96-4b03-4e32-8577-8a2af90e91f8",
          "title": "Teste de Visualização de Histórico na Wikipedia",
          "fullFile": "",
          "file": "",
          "beforeHooks": [],
          "afterHooks": [],
          "tests": [
            {
              "title": "deve visualizar o histórico de edições do artigo",
              "fullTitle": "Teste de Visualização de Histórico na Wikipedia deve visualizar o histórico de edições do artigo",
              "timedOut": null,
              "duration": 4938,
              "state": "passed",
              "speed": "fast",
              "pass": true,
              "fail": false,
              "pending": false,
              "context": null,
              "code": "cy.visit('https://en.wikipedia.org/wiki/Albert_Einstein');\ncy.get('#ca-history a').click();\ncy.url().should('include', '=history');\ncy.get('.mw-parser-output').should('exist');",
              "err": {},
              "uuid": "3a2b7495-8d55-44c7-8919-667c465a9910",
              "parentUUID": "5f36cc96-4b03-4e32-8577-8a2af90e91f8",
              "isHook": false,
              "skipped": false
            }
          ],
          "suites": [],
          "passes": [
            "3a2b7495-8d55-44c7-8919-667c465a9910"
          ],
          "failures": [],
          "pending": [],
          "skipped": [],
          "duration": 4938,
          "root": false,
          "rootEmpty": false,
          "_timeout": 2000
        }
      ],
      "passes": [],
      "failures": [],
      "pending": [],
      "skipped": [],
      "duration": 0,
      "root": true,
      "rootEmpty": true,
      "_timeout": 2000
    }
  ],
  "meta": {
    "mocha": {
      "version": "7.0.1"
    },
    "mochawesome": {
      "options": {
        "quiet": false,
        "reportFilename": "mochawesome",
        "saveHtml": true,
        "saveJson": true,
        "consoleReporter": "spec",
        "useInlineDiffs": false,
        "code": true
      },
      "version": "7.1.3"
    },
    "marge": {
      "options": {
        "reportDir": "cypress/reports",
        "overwrite": false,
        "html": true,
        "json": true
      },
      "version": "6.2.0"
    }
  }
}